<?xml version="1.0" encoding="UTF-8"?>
<testng-results ignored="0" total="4" passed="3" failed="1" skipped="0">
  <reporter-output>
    <line>
      <![CDATA[<br><a href='./screenshots/loginData_20250703_101557.png' target='_blank'>ðŸ“¸ View Screenshot</a><br><img src='./screenshots/loginData_20250703_101557.png' height='150' width='200'/>]]>
    </line>
  </reporter-output>
  <suite started-at="2025-07-03T10:15:17 IST" name="AutomationSuite" finished-at="2025-07-03T10:16:14 IST" duration-ms="56616">
    <groups>
    </groups>
    <test started-at="2025-07-03T10:15:17 IST" name="LoginAndUserManagementTests" finished-at="2025-07-03T10:16:14 IST" duration-ms="56616">
      <class name="AutomationProject.i2vsys.testcases.LoginTests">
        <test-method is-config="true" signature="setUpClass()[pri:0, instance:AutomationProject.i2vsys.testcases.LoginTests@55634720]" started-at="2025-07-03T10:15:17 IST" name="setUpClass" finished-at="2025-07-03T10:15:19 IST" duration-ms="1932" status="PASS">
          <reporter-output>
          </reporter-output>
        </test-method> <!-- setUpClass -->
        <test-method is-config="true" signature="setUp()[pri:0, instance:AutomationProject.i2vsys.testcases.LoginTests@55634720]" started-at="2025-07-03T10:15:19 IST" name="setUp" finished-at="2025-07-03T10:15:21 IST" duration-ms="1608" status="PASS">
          <reporter-output>
          </reporter-output>
        </test-method> <!-- setUp -->
        <test-method signature="loginData(java.lang.String,java.lang.String,java.lang.String,java.lang.String)[pri:0, instance:AutomationProject.i2vsys.testcases.LoginTests@55634720]" started-at="2025-07-03T10:15:21 IST" name="loginData" data-provider="loginData" finished-at="2025-07-03T10:15:47 IST" duration-ms="26371" status="PASS">
          <params>
            <param index="0">
              <value>
                <![CDATA[http://172.24.0.67:4777]]>
              </value>
            </param>
            <param index="1">
              <value>
                <![CDATA[admin]]>
              </value>
            </param>
            <param index="2">
              <value>
                <![CDATA[Admin@12345]]>
              </value>
            </param>
            <param index="3">
              <value>
                <![CDATA[Success]]>
              </value>
            </param>
          </params>
          <reporter-output>
          </reporter-output>
        </test-method> <!-- loginData -->
        <test-method is-config="true" signature="captureFailure(org.testng.ITestResult)[pri:0, instance:AutomationProject.i2vsys.testcases.LoginTests@55634720]" started-at="2025-07-03T10:15:47 IST" name="captureFailure" finished-at="2025-07-03T10:15:47 IST" duration-ms="292" status="PASS">
          <params>
            <param index="0">
              <value>
                <![CDATA[[TestResult name=loginData status=SUCCESS method=LoginTests.loginData(java.lang.String,java.lang.String,java.lang.String,java.lang.String)[pri:0, instance:AutomationProject.i2vsys.testcases.LoginTests@55634720] output={null}]]]>
              </value>
            </param>
          </params>
          <reporter-output>
          </reporter-output>
        </test-method> <!-- captureFailure -->
        <test-method is-config="true" signature="tearDown()[pri:0, instance:AutomationProject.i2vsys.testcases.LoginTests@55634720]" started-at="2025-07-03T10:15:47 IST" name="tearDown" finished-at="2025-07-03T10:15:47 IST" duration-ms="0" status="PASS">
          <reporter-output>
          </reporter-output>
        </test-method> <!-- tearDown -->
        <test-method is-config="true" signature="setUp()[pri:0, instance:AutomationProject.i2vsys.testcases.LoginTests@55634720]" started-at="2025-07-03T10:15:47 IST" name="setUp" finished-at="2025-07-03T10:15:48 IST" duration-ms="967" status="PASS">
          <reporter-output>
          </reporter-output>
        </test-method> <!-- setUp -->
        <test-method signature="loginData(java.lang.String,java.lang.String,java.lang.String,java.lang.String)[pri:0, instance:AutomationProject.i2vsys.testcases.LoginTests@55634720]" started-at="2025-07-03T10:15:48 IST" name="loginData" data-provider="loginData" finished-at="2025-07-03T10:15:52 IST" duration-ms="3812" status="PASS">
          <params>
            <param index="0">
              <value>
                <![CDATA[http://172.24.0.67:4777]]>
              </value>
            </param>
            <param index="1">
              <value>
                <![CDATA[kanha]]>
              </value>
            </param>
            <param index="2">
              <value>
                <![CDATA[Admin@12345]]>
              </value>
            </param>
            <param index="3">
              <value>
                <![CDATA[Fail]]>
              </value>
            </param>
          </params>
          <reporter-output>
          </reporter-output>
        </test-method> <!-- loginData -->
        <test-method is-config="true" signature="captureFailure(org.testng.ITestResult)[pri:0, instance:AutomationProject.i2vsys.testcases.LoginTests@55634720]" started-at="2025-07-03T10:15:52 IST" name="captureFailure" finished-at="2025-07-03T10:15:52 IST" duration-ms="208" status="PASS">
          <params>
            <param index="0">
              <value>
                <![CDATA[[TestResult name=loginData status=SUCCESS method=LoginTests.loginData(java.lang.String,java.lang.String,java.lang.String,java.lang.String)[pri:0, instance:AutomationProject.i2vsys.testcases.LoginTests@55634720] output={null}]]]>
              </value>
            </param>
          </params>
          <reporter-output>
          </reporter-output>
        </test-method> <!-- captureFailure -->
        <test-method is-config="true" signature="tearDown()[pri:0, instance:AutomationProject.i2vsys.testcases.LoginTests@55634720]" started-at="2025-07-03T10:15:52 IST" name="tearDown" finished-at="2025-07-03T10:15:52 IST" duration-ms="0" status="PASS">
          <reporter-output>
          </reporter-output>
        </test-method> <!-- tearDown -->
        <test-method is-config="true" signature="setUp()[pri:0, instance:AutomationProject.i2vsys.testcases.LoginTests@55634720]" started-at="2025-07-03T10:15:52 IST" name="setUp" finished-at="2025-07-03T10:15:53 IST" duration-ms="776" status="PASS">
          <reporter-output>
          </reporter-output>
        </test-method> <!-- setUp -->
        <test-method signature="loginData(java.lang.String,java.lang.String,java.lang.String,java.lang.String)[pri:0, instance:AutomationProject.i2vsys.testcases.LoginTests@55634720]" started-at="2025-07-03T10:15:53 IST" name="loginData" data-provider="loginData" finished-at="2025-07-03T10:15:57 IST" duration-ms="4463" status="FAIL">
          <params>
            <param index="0">
              <value>
                <![CDATA[http://172.24.0.67:4777]]>
              </value>
            </param>
            <param index="1">
              <value>
                <![CDATA[admin]]>
              </value>
            </param>
            <param index="2">
              <value>
                <![CDATA[aa]]>
              </value>
            </param>
            <param index="3">
              <value>
                <![CDATA[Fail]]>
              </value>
            </param>
          </params>
          <exception class="java.lang.AssertionError">
            <message>
              <![CDATA[Expected failed login but navigated away from /login. Actual URL: http://172.24.0.67:4777/home expected [true] but found [false]]]>
            </message>
            <full-stacktrace>
              <![CDATA[java.lang.AssertionError: Expected failed login but navigated away from /login. Actual URL: http://172.24.0.67:4777/home expected [true] but found [false]
at org.testng.Assert.fail(Assert.java:99)
at org.testng.Assert.failNotEquals(Assert.java:1037)
at org.testng.Assert.assertTrue(Assert.java:45)
at AutomationProject.i2vsys.testcases.LoginTests.loginData(LoginTests.java:42)
at java.base/jdk.internal.reflect.NativeMethodAccessorImpl.invoke0(Native Method)
at java.base/jdk.internal.reflect.NativeMethodAccessorImpl.invoke(NativeMethodAccessorImpl.java:77)
at java.base/jdk.internal.reflect.DelegatingMethodAccessorImpl.invoke(DelegatingMethodAccessorImpl.java:43)
at java.base/java.lang.reflect.Method.invoke(Method.java:568)
at org.testng.internal.MethodInvocationHelper.invokeMethod(MethodInvocationHelper.java:133)
at org.testng.internal.TestInvoker.invokeMethod(TestInvoker.java:598)
at org.testng.internal.TestInvoker.invokeTestMethod(TestInvoker.java:173)
at org.testng.internal.MethodRunner.runInSequence(MethodRunner.java:46)
at org.testng.internal.TestInvoker$MethodInvocationAgent.invoke(TestInvoker.java:824)
at org.testng.internal.TestInvoker.invokeTestMethods(TestInvoker.java:146)
at org.testng.internal.TestMethodWorker.invokeTestMethods(TestMethodWorker.java:146)
at org.testng.internal.TestMethodWorker.run(TestMethodWorker.java:128)
at java.base/java.util.ArrayList.forEach(ArrayList.java:1511)
at org.testng.TestRunner.privateRun(TestRunner.java:794)
at org.testng.TestRunner.run(TestRunner.java:596)
at org.testng.SuiteRunner.runTest(SuiteRunner.java:377)
at org.testng.SuiteRunner.runSequentially(SuiteRunner.java:371)
at org.testng.SuiteRunner.privateRun(SuiteRunner.java:332)
at org.testng.SuiteRunner.run(SuiteRunner.java:276)
at org.testng.SuiteRunnerWorker.runSuite(SuiteRunnerWorker.java:53)
at org.testng.SuiteRunnerWorker.run(SuiteRunnerWorker.java:96)
at org.testng.TestNG.runSuitesSequentially(TestNG.java:1212)
at org.testng.TestNG.runSuitesLocally(TestNG.java:1134)
at org.testng.TestNG.runSuites(TestNG.java:1063)
at org.testng.TestNG.run(TestNG.java:1031)
at org.testng.remote.AbstractRemoteTestNG.run(AbstractRemoteTestNG.java:115)
at org.testng.remote.RemoteTestNG.initAndRun(RemoteTestNG.java:251)
at org.testng.remote.RemoteTestNG.main(RemoteTestNG.java:77)
]]>
            </full-stacktrace>
          </exception> <!-- java.lang.AssertionError -->
          <reporter-output>
          </reporter-output>
        </test-method> <!-- loginData -->
        <test-method is-config="true" signature="captureFailure(org.testng.ITestResult)[pri:0, instance:AutomationProject.i2vsys.testcases.LoginTests@55634720]" started-at="2025-07-03T10:15:57 IST" name="captureFailure" finished-at="2025-07-03T10:15:58 IST" duration-ms="419" status="PASS">
          <params>
            <param index="0">
              <value>
                <![CDATA[[TestResult name=loginData status=FAILURE method=LoginTests.loginData(java.lang.String,java.lang.String,java.lang.String,java.lang.String)[pri:0, instance:AutomationProject.i2vsys.testcases.LoginTests@55634720] output={null}]]]>
              </value>
            </param>
          </params>
          <reporter-output>
            <line>
              <![CDATA[<br><a href='./screenshots/loginData_20250703_101557.png' target='_blank'>ðŸ“¸ View Screenshot</a><br><img src='./screenshots/loginData_20250703_101557.png' height='150' width='200'/>]]>
            </line>
          </reporter-output>
        </test-method> <!-- captureFailure -->
        <test-method is-config="true" signature="tearDown()[pri:0, instance:AutomationProject.i2vsys.testcases.LoginTests@55634720]" started-at="2025-07-03T10:15:58 IST" name="tearDown" finished-at="2025-07-03T10:15:58 IST" duration-ms="0" status="PASS">
          <reporter-output>
          </reporter-output>
        </test-method> <!-- tearDown -->
        <test-method is-config="true" signature="setUp()[pri:0, instance:AutomationProject.i2vsys.testcases.LoginTests@55634720]" started-at="2025-07-03T10:15:58 IST" name="setUp" finished-at="2025-07-03T10:15:59 IST" duration-ms="957" status="PASS">
          <reporter-output>
          </reporter-output>
        </test-method> <!-- setUp -->
        <test-method signature="loginData(java.lang.String,java.lang.String,java.lang.String,java.lang.String)[pri:0, instance:AutomationProject.i2vsys.testcases.LoginTests@55634720]" started-at="2025-07-03T10:15:59 IST" name="loginData" data-provider="loginData" finished-at="2025-07-03T10:16:13 IST" duration-ms="14511" status="PASS">
          <params>
            <param index="0">
              <value>
                <![CDATA[http://172.24.0.67:4777]]>
              </value>
            </param>
            <param index="1">
              <value>
                <![CDATA[]]>
              </value>
            </param>
            <param index="2">
              <value>
                <![CDATA[]]>
              </value>
            </param>
            <param index="3">
              <value>
                <![CDATA[Fail]]>
              </value>
            </param>
          </params>
          <reporter-output>
          </reporter-output>
        </test-method> <!-- loginData -->
        <test-method is-config="true" signature="captureFailure(org.testng.ITestResult)[pri:0, instance:AutomationProject.i2vsys.testcases.LoginTests@55634720]" started-at="2025-07-03T10:16:13 IST" name="captureFailure" finished-at="2025-07-03T10:16:14 IST" duration-ms="263" status="PASS">
          <params>
            <param index="0">
              <value>
                <![CDATA[[TestResult name=loginData status=SUCCESS method=LoginTests.loginData(java.lang.String,java.lang.String,java.lang.String,java.lang.String)[pri:0, instance:AutomationProject.i2vsys.testcases.LoginTests@55634720] output={null}]]]>
              </value>
            </param>
          </params>
          <reporter-output>
          </reporter-output>
        </test-method> <!-- captureFailure -->
        <test-method is-config="true" signature="tearDown()[pri:0, instance:AutomationProject.i2vsys.testcases.LoginTests@55634720]" started-at="2025-07-03T10:16:14 IST" name="tearDown" finished-at="2025-07-03T10:16:14 IST" duration-ms="0" status="PASS">
          <reporter-output>
          </reporter-output>
        </test-method> <!-- tearDown -->
      </class> <!-- AutomationProject.i2vsys.testcases.LoginTests -->
    </test> <!-- LoginAndUserManagementTests -->
  </suite> <!-- AutomationSuite -->
</testng-results>
